[2016-10-22 18:36:05][NOTICE][logId:16965900][Request: { 	"interface": "increaseStock", 	"data": { 		"name": "test", 		"num": 3000 	} }]
[2016-10-22 18:36:05][DEBUG][logId:16965900][Receive params: {"name":"test","num":3000}]
[2016-10-22 18:36:05][DEBUG][logId:16965900][read config file from disk: /Users/fangshuyu/data/CommodityManagement/Configs/db.yaml]
[2016-10-22 18:36:05][ERROR][logId:16965900][fail to begin db transaction: SQLSTATE[HY000] [1045] Access denied for user 'root'@'localhost' (using password: YES)]
[2016-10-22 18:36:05][ERROR][logId:16965900][Exception: db error in /Users/fangshuyu/data/CommodityManagement/common/Errors.php:47 Stack trace: #0 /Users/fangshuyu/data/CommodityManagement/libraries/DbConnection.php(56): Common\Errors::throws(10005) #1 /Users/fangshuyu/data/CommodityManagement/services/CommodityManagement.php(46): Libraries\DbConnection::beginTransaction() #2 /Users/fangshuyu/data/CommodityManagement/controllers/IncreaseStock.php(31): Services\CommodityManagement::increaseStock('test', 3000) #3 /Users/fangshuyu/data/CommodityManagement/index.php(70): Controllers\IncreaseStock::todo(Array) #4 /Users/fangshuyu/data/CommodityManagement/index.php(85): Index::todo() #5 {main}]
[2016-10-22 18:36:05][NOTICE][logId:16965900][Response: {"returnCode":10005,"returnMsg":"db error","data":[]}]
[2016-10-22 18:36:06][NOTICE][logId:3936840][Request: { 	"interface": "increaseStock", 	"data": { 		"name": "test", 		"num": 3000 	} }]
[2016-10-22 18:36:06][DEBUG][logId:3936840][Receive params: {"name":"test","num":3000}]
[2016-10-22 18:36:06][DEBUG][logId:3936840][read config file from disk: /Users/fangshuyu/data/CommodityManagement/Configs/db.yaml]
[2016-10-22 18:36:06][ERROR][logId:3936840][fail to begin db transaction: SQLSTATE[HY000] [1045] Access denied for user 'root'@'localhost' (using password: YES)]
[2016-10-22 18:36:06][ERROR][logId:3936840][Exception: db error in /Users/fangshuyu/data/CommodityManagement/common/Errors.php:47 Stack trace: #0 /Users/fangshuyu/data/CommodityManagement/libraries/DbConnection.php(56): Common\Errors::throws(10005) #1 /Users/fangshuyu/data/CommodityManagement/services/CommodityManagement.php(46): Libraries\DbConnection::beginTransaction() #2 /Users/fangshuyu/data/CommodityManagement/controllers/IncreaseStock.php(31): Services\CommodityManagement::increaseStock('test', 3000) #3 /Users/fangshuyu/data/CommodityManagement/index.php(70): Controllers\IncreaseStock::todo(Array) #4 /Users/fangshuyu/data/CommodityManagement/index.php(85): Index::todo() #5 {main}]
[2016-10-22 18:36:06][NOTICE][logId:3936840][Response: {"returnCode":10005,"returnMsg":"db error","data":[]}]
[2016-10-22 18:36:07][NOTICE][logId:99863925][Request: { 	"interface": "increaseStock", 	"data": { 		"name": "test", 		"num": 3000 	} }]
[2016-10-22 18:36:07][DEBUG][logId:99863925][Receive params: {"name":"test","num":3000}]
[2016-10-22 18:36:07][DEBUG][logId:99863925][read config file from disk: /Users/fangshuyu/data/CommodityManagement/Configs/db.yaml]
[2016-10-22 18:36:07][ERROR][logId:99863925][fail to begin db transaction: SQLSTATE[HY000] [1045] Access denied for user 'root'@'localhost' (using password: YES)]
[2016-10-22 18:36:07][ERROR][logId:99863925][Exception: db error in /Users/fangshuyu/data/CommodityManagement/common/Errors.php:47 Stack trace: #0 /Users/fangshuyu/data/CommodityManagement/libraries/DbConnection.php(56): Common\Errors::throws(10005) #1 /Users/fangshuyu/data/CommodityManagement/services/CommodityManagement.php(46): Libraries\DbConnection::beginTransaction() #2 /Users/fangshuyu/data/CommodityManagement/controllers/IncreaseStock.php(31): Services\CommodityManagement::increaseStock('test', 3000) #3 /Users/fangshuyu/data/CommodityManagement/index.php(70): Controllers\IncreaseStock::todo(Array) #4 /Users/fangshuyu/data/CommodityManagement/index.php(85): Index::todo() #5 {main}]
[2016-10-22 18:36:07][NOTICE][logId:99863925][Response: {"returnCode":10005,"returnMsg":"db error","data":[]}]
[2016-10-22 18:36:08][NOTICE][logId:27011305][Request: { 	"interface": "increaseStock", 	"data": { 		"name": "test", 		"num": 3000 	} }]
[2016-10-22 18:36:08][DEBUG][logId:27011305][Receive params: {"name":"test","num":3000}]
[2016-10-22 18:36:08][DEBUG][logId:27011305][read config file from disk: /Users/fangshuyu/data/CommodityManagement/Configs/db.yaml]
[2016-10-22 18:36:08][ERROR][logId:27011305][fail to begin db transaction: SQLSTATE[HY000] [1045] Access denied for user 'root'@'localhost' (using password: YES)]
[2016-10-22 18:36:08][ERROR][logId:27011305][Exception: db error in /Users/fangshuyu/data/CommodityManagement/common/Errors.php:47 Stack trace: #0 /Users/fangshuyu/data/CommodityManagement/libraries/DbConnection.php(56): Common\Errors::throws(10005) #1 /Users/fangshuyu/data/CommodityManagement/services/CommodityManagement.php(46): Libraries\DbConnection::beginTransaction() #2 /Users/fangshuyu/data/CommodityManagement/controllers/IncreaseStock.php(31): Services\CommodityManagement::increaseStock('test', 3000) #3 /Users/fangshuyu/data/CommodityManagement/index.php(70): Controllers\IncreaseStock::todo(Array) #4 /Users/fangshuyu/data/CommodityManagement/index.php(85): Index::todo() #5 {main}]
[2016-10-22 18:36:08][NOTICE][logId:27011305][Response: {"returnCode":10005,"returnMsg":"db error","data":[]}]
[2016-10-22 18:36:08][NOTICE][logId:1974402][Request: { 	"interface": "increaseStock", 	"data": { 		"name": "test", 		"num": 3000 	} }]
[2016-10-22 18:36:08][DEBUG][logId:1974402][Receive params: {"name":"test","num":3000}]
[2016-10-22 18:36:08][DEBUG][logId:1974402][read config file from disk: /Users/fangshuyu/data/CommodityManagement/Configs/db.yaml]
[2016-10-22 18:36:08][ERROR][logId:1974402][fail to begin db transaction: SQLSTATE[HY000] [1045] Access denied for user 'root'@'localhost' (using password: YES)]
[2016-10-22 18:36:08][ERROR][logId:1974402][Exception: db error in /Users/fangshuyu/data/CommodityManagement/common/Errors.php:47 Stack trace: #0 /Users/fangshuyu/data/CommodityManagement/libraries/DbConnection.php(56): Common\Errors::throws(10005) #1 /Users/fangshuyu/data/CommodityManagement/services/CommodityManagement.php(46): Libraries\DbConnection::beginTransaction() #2 /Users/fangshuyu/data/CommodityManagement/controllers/IncreaseStock.php(31): Services\CommodityManagement::increaseStock('test', 3000) #3 /Users/fangshuyu/data/CommodityManagement/index.php(70): Controllers\IncreaseStock::todo(Array) #4 /Users/fangshuyu/data/CommodityManagement/index.php(85): Index::todo() #5 {main}]
[2016-10-22 18:36:08][NOTICE][logId:1974402][Response: {"returnCode":10005,"returnMsg":"db error","data":[]}]
[2016-10-22 18:36:08][NOTICE][logId:75786164][Request: { 	"interface": "increaseStock", 	"data": { 		"name": "test", 		"num": 3000 	} }]
[2016-10-22 18:36:08][DEBUG][logId:75786164][Receive params: {"name":"test","num":3000}]
[2016-10-22 18:36:08][DEBUG][logId:75786164][read config file from disk: /Users/fangshuyu/data/CommodityManagement/Configs/db.yaml]
[2016-10-22 18:36:08][ERROR][logId:75786164][fail to begin db transaction: SQLSTATE[HY000] [1045] Access denied for user 'root'@'localhost' (using password: YES)]
[2016-10-22 18:36:08][ERROR][logId:75786164][Exception: db error in /Users/fangshuyu/data/CommodityManagement/common/Errors.php:47 Stack trace: #0 /Users/fangshuyu/data/CommodityManagement/libraries/DbConnection.php(56): Common\Errors::throws(10005) #1 /Users/fangshuyu/data/CommodityManagement/services/CommodityManagement.php(46): Libraries\DbConnection::beginTransaction() #2 /Users/fangshuyu/data/CommodityManagement/controllers/IncreaseStock.php(31): Services\CommodityManagement::increaseStock('test', 3000) #3 /Users/fangshuyu/data/CommodityManagement/index.php(70): Controllers\IncreaseStock::todo(Array) #4 /Users/fangshuyu/data/CommodityManagement/index.php(85): Index::todo() #5 {main}]
[2016-10-22 18:36:08][NOTICE][logId:75786164][Response: {"returnCode":10005,"returnMsg":"db error","data":[]}]
[2016-10-22 18:36:08][NOTICE][logId:28736088][Request: { 	"interface": "increaseStock", 	"data": { 		"name": "test", 		"num": 3000 	} }]
[2016-10-22 18:36:08][DEBUG][logId:28736088][Receive params: {"name":"test","num":3000}]
[2016-10-22 18:36:08][DEBUG][logId:28736088][read config file from disk: /Users/fangshuyu/data/CommodityManagement/Configs/db.yaml]
[2016-10-22 18:36:08][ERROR][logId:28736088][fail to begin db transaction: SQLSTATE[HY000] [1045] Access denied for user 'root'@'localhost' (using password: YES)]
[2016-10-22 18:36:08][ERROR][logId:28736088][Exception: db error in /Users/fangshuyu/data/CommodityManagement/common/Errors.php:47 Stack trace: #0 /Users/fangshuyu/data/CommodityManagement/libraries/DbConnection.php(56): Common\Errors::throws(10005) #1 /Users/fangshuyu/data/CommodityManagement/services/CommodityManagement.php(46): Libraries\DbConnection::beginTransaction() #2 /Users/fangshuyu/data/CommodityManagement/controllers/IncreaseStock.php(31): Services\CommodityManagement::increaseStock('test', 3000) #3 /Users/fangshuyu/data/CommodityManagement/index.php(70): Controllers\IncreaseStock::todo(Array) #4 /Users/fangshuyu/data/CommodityManagement/index.php(85): Index::todo() #5 {main}]
[2016-10-22 18:36:08][NOTICE][logId:28736088][Response: {"returnCode":10005,"returnMsg":"db error","data":[]}]
[2016-10-22 18:36:08][NOTICE][logId:80875505][Request: { 	"interface": "increaseStock", 	"data": { 		"name": "test", 		"num": 3000 	} }]
[2016-10-22 18:36:08][DEBUG][logId:80875505][Receive params: {"name":"test","num":3000}]
[2016-10-22 18:36:08][DEBUG][logId:80875505][read config file from disk: /Users/fangshuyu/data/CommodityManagement/Configs/db.yaml]
[2016-10-22 18:36:08][ERROR][logId:80875505][fail to begin db transaction: SQLSTATE[HY000] [1045] Access denied for user 'root'@'localhost' (using password: YES)]
[2016-10-22 18:36:08][ERROR][logId:80875505][Exception: db error in /Users/fangshuyu/data/CommodityManagement/common/Errors.php:47 Stack trace: #0 /Users/fangshuyu/data/CommodityManagement/libraries/DbConnection.php(56): Common\Errors::throws(10005) #1 /Users/fangshuyu/data/CommodityManagement/services/CommodityManagement.php(46): Libraries\DbConnection::beginTransaction() #2 /Users/fangshuyu/data/CommodityManagement/controllers/IncreaseStock.php(31): Services\CommodityManagement::increaseStock('test', 3000) #3 /Users/fangshuyu/data/CommodityManagement/index.php(70): Controllers\IncreaseStock::todo(Array) #4 /Users/fangshuyu/data/CommodityManagement/index.php(85): Index::todo() #5 {main}]
[2016-10-22 18:36:08][NOTICE][logId:80875505][Response: {"returnCode":10005,"returnMsg":"db error","data":[]}]
[2016-10-22 18:36:09][NOTICE][logId:37371627][Request: { 	"interface": "increaseStock", 	"data": { 		"name": "test", 		"num": 3000 	} }]
[2016-10-22 18:36:09][DEBUG][logId:37371627][Receive params: {"name":"test","num":3000}]
[2016-10-22 18:36:09][DEBUG][logId:37371627][read config file from disk: /Users/fangshuyu/data/CommodityManagement/Configs/db.yaml]
[2016-10-22 18:36:09][ERROR][logId:37371627][fail to begin db transaction: SQLSTATE[HY000] [1045] Access denied for user 'root'@'localhost' (using password: YES)]
[2016-10-22 18:36:09][ERROR][logId:37371627][Exception: db error in /Users/fangshuyu/data/CommodityManagement/common/Errors.php:47 Stack trace: #0 /Users/fangshuyu/data/CommodityManagement/libraries/DbConnection.php(56): Common\Errors::throws(10005) #1 /Users/fangshuyu/data/CommodityManagement/services/CommodityManagement.php(46): Libraries\DbConnection::beginTransaction() #2 /Users/fangshuyu/data/CommodityManagement/controllers/IncreaseStock.php(31): Services\CommodityManagement::increaseStock('test', 3000) #3 /Users/fangshuyu/data/CommodityManagement/index.php(70): Controllers\IncreaseStock::todo(Array) #4 /Users/fangshuyu/data/CommodityManagement/index.php(85): Index::todo() #5 {main}]
[2016-10-22 18:36:09][NOTICE][logId:37371627][Response: {"returnCode":10005,"returnMsg":"db error","data":[]}]
[2016-10-22 18:36:09][NOTICE][logId:667098][Request: { 	"interface": "increaseStock", 	"data": { 		"name": "test", 		"num": 3000 	} }]
[2016-10-22 18:36:09][DEBUG][logId:667098][Receive params: {"name":"test","num":3000}]
[2016-10-22 18:36:09][DEBUG][logId:667098][read config file from disk: /Users/fangshuyu/data/CommodityManagement/Configs/db.yaml]
[2016-10-22 18:36:09][ERROR][logId:667098][fail to begin db transaction: SQLSTATE[HY000] [1045] Access denied for user 'root'@'localhost' (using password: YES)]
[2016-10-22 18:36:09][ERROR][logId:667098][Exception: db error in /Users/fangshuyu/data/CommodityManagement/common/Errors.php:47 Stack trace: #0 /Users/fangshuyu/data/CommodityManagement/libraries/DbConnection.php(56): Common\Errors::throws(10005) #1 /Users/fangshuyu/data/CommodityManagement/services/CommodityManagement.php(46): Libraries\DbConnection::beginTransaction() #2 /Users/fangshuyu/data/CommodityManagement/controllers/IncreaseStock.php(31): Services\CommodityManagement::increaseStock('test', 3000) #3 /Users/fangshuyu/data/CommodityManagement/index.php(70): Controllers\IncreaseStock::todo(Array) #4 /Users/fangshuyu/data/CommodityManagement/index.php(85): Index::todo() #5 {main}]
[2016-10-22 18:36:09][NOTICE][logId:667098][Response: {"returnCode":10005,"returnMsg":"db error","data":[]}]
